{"C:\\Users\\soporte\\Desktop\\CN-33-backend\\UberEats\\src\\index.js": {"path":"C:\\Users\\soporte\\Desktop\\CN-33-backend\\UberEats\\src\\index.js","statementMap":{"0":{"start":{"line":1,"column":25},"end":{"line":1,"column":49}},"1":{"start":{"line":8,"column":0},"end":{"line":8,"column":27}},"2":{"start":{"line":12,"column":18},"end":{"line":12,"column":98}},"3":{"start":{"line":14,"column":0},"end":{"line":21,"column":2}},"4":{"start":{"line":23,"column":16},"end":{"line":23,"column":35}},"5":{"start":{"line":25,"column":0},"end":{"line":25,"column":70}},"6":{"start":{"line":26,"column":0},"end":{"line":26,"column":57}},"7":{"start":{"line":26,"column":25},"end":{"line":26,"column":55}},"8":{"start":{"line":32,"column":15},"end":{"line":41,"column":2}},"9":{"start":{"line":38,"column":30},"end":{"line":38,"column":45}},"10":{"start":{"line":43,"column":0},"end":{"line":45,"column":2}},"11":{"start":{"line":44,"column":2},"end":{"line":44,"column":46}}},"fnMap":{"0":{"name":"(anonymous_0)","decl":{"start":{"line":26,"column":19},"end":{"line":26,"column":20}},"loc":{"start":{"line":26,"column":25},"end":{"line":26,"column":55}},"line":26},"1":{"name":"(anonymous_1)","decl":{"start":{"line":38,"column":11},"end":{"line":38,"column":12}},"loc":{"start":{"line":38,"column":30},"end":{"line":38,"column":45}},"line":38},"2":{"name":"(anonymous_2)","decl":{"start":{"line":43,"column":47},"end":{"line":43,"column":48}},"loc":{"start":{"line":43,"column":60},"end":{"line":45,"column":1}},"line":43}},"branchMap":{"0":{"loc":{"start":{"line":12,"column":41},"end":{"line":12,"column":98}},"type":"cond-expr","locations":[{"start":{"line":12,"column":50},"end":{"line":12,"column":75}},{"start":{"line":12,"column":78},"end":{"line":12,"column":98}}],"line":12}},"s":{"0":1,"1":1,"2":1,"3":1,"4":1,"5":1,"6":1,"7":1,"8":1,"9":27,"10":1,"11":1},"f":{"0":1,"1":27,"2":1},"b":{"0":[1,0]},"_coverageSchema":"43e27e138ebf9cfc5966b082cf9a028302ed4184","hash":"845bcdbd5635eff1e43b49311a5a4f435950c63b"}
,"C:\\Users\\soporte\\Desktop\\CN-33-backend\\UberEats\\src\\actions\\authActions.js": {"path":"C:\\Users\\soporte\\Desktop\\CN-33-backend\\UberEats\\src\\actions\\authActions.js","statementMap":{"0":{"start":{"line":1,"column":12},"end":{"line":1,"column":35}},"1":{"start":{"line":6,"column":56},"end":{"line":6,"column":88}},"2":{"start":{"line":10,"column":47},"end":{"line":10,"column":52}},"3":{"start":{"line":11,"column":4},"end":{"line":18,"column":6}},"4":{"start":{"line":12,"column":18},"end":{"line":12,"column":25}},"5":{"start":{"line":13,"column":6},"end":{"line":17,"column":7}},"6":{"start":{"line":14,"column":8},"end":{"line":14,"column":47}},"7":{"start":{"line":16,"column":8},"end":{"line":16,"column":67}},"8":{"start":{"line":22,"column":19},"end":{"line":38,"column":1}},"9":{"start":{"line":23,"column":2},"end":{"line":37,"column":3}},"10":{"start":{"line":24,"column":18},"end":{"line":24,"column":43}},"11":{"start":{"line":25,"column":4},"end":{"line":25,"column":54}},"12":{"start":{"line":25,"column":43},"end":{"line":25,"column":54}},"13":{"start":{"line":26,"column":4},"end":{"line":34,"column":7}},"14":{"start":{"line":27,"column":6},"end":{"line":27,"column":26}},"15":{"start":{"line":27,"column":15},"end":{"line":27,"column":26}},"16":{"start":{"line":28,"column":6},"end":{"line":33,"column":7}},"17":{"start":{"line":29,"column":21},"end":{"line":29,"column":62}},"18":{"start":{"line":30,"column":8},"end":{"line":30,"column":32}},"19":{"start":{"line":32,"column":8},"end":{"line":32,"column":19}},"20":{"start":{"line":36,"column":4},"end":{"line":36,"column":15}}},"fnMap":{"0":{"name":"(anonymous_0)","decl":{"start":{"line":9,"column":2},"end":{"line":9,"column":3}},"loc":{"start":{"line":9,"column":30},"end":{"line":19,"column":3}},"line":9},"1":{"name":"(anonymous_1)","decl":{"start":{"line":11,"column":20},"end":{"line":11,"column":21}},"loc":{"start":{"line":11,"column":45},"end":{"line":18,"column":5}},"line":11},"2":{"name":"(anonymous_2)","decl":{"start":{"line":22,"column":19},"end":{"line":22,"column":20}},"loc":{"start":{"line":22,"column":28},"end":{"line":38,"column":1}},"line":22},"3":{"name":"(anonymous_3)","decl":{"start":{"line":26,"column":49},"end":{"line":26,"column":50}},"loc":{"start":{"line":26,"column":78},"end":{"line":34,"column":5}},"line":26}},"branchMap":{"0":{"loc":{"start":{"line":10,"column":12},"end":{"line":10,"column":42}},"type":"default-arg","locations":[{"start":{"line":10,"column":22},"end":{"line":10,"column":42}}],"line":10},"1":{"loc":{"start":{"line":13,"column":6},"end":{"line":17,"column":7}},"type":"if","locations":[{"start":{"line":13,"column":6},"end":{"line":17,"column":7}},{"start":{"line":13,"column":6},"end":{"line":17,"column":7}}],"line":13},"2":{"loc":{"start":{"line":25,"column":4},"end":{"line":25,"column":54}},"type":"if","locations":[{"start":{"line":25,"column":4},"end":{"line":25,"column":54}},{"start":{"line":25,"column":4},"end":{"line":25,"column":54}}],"line":25},"3":{"loc":{"start":{"line":27,"column":6},"end":{"line":27,"column":26}},"type":"if","locations":[{"start":{"line":27,"column":6},"end":{"line":27,"column":26}},{"start":{"line":27,"column":6},"end":{"line":27,"column":26}}],"line":27}},"s":{"0":1,"1":1,"2":32,"3":32,"4":26,"5":26,"6":26,"7":0,"8":1,"9":27,"10":27,"11":27,"12":1,"13":26,"14":26,"15":0,"16":26,"17":26,"18":26,"19":0,"20":0},"f":{"0":32,"1":26,"2":27,"3":26},"b":{"0":[0],"1":[26,0],"2":[1,26],"3":[0,26]},"_coverageSchema":"43e27e138ebf9cfc5966b082cf9a028302ed4184","hash":"9e0656797d3c454c4db3c973dd6fe2bfb1d996bb"}
,"C:\\Users\\soporte\\Desktop\\CN-33-backend\\UberEats\\src\\actions\\buzonActions.js": {"path":"C:\\Users\\soporte\\Desktop\\CN-33-backend\\UberEats\\src\\actions\\buzonActions.js","statementMap":{"0":{"start":{"line":3,"column":24},"end":{"line":13,"column":1}},"1":{"start":{"line":4,"column":2},"end":{"line":12,"column":3}},"2":{"start":{"line":5,"column":4},"end":{"line":8,"column":36}},"3":{"start":{"line":11,"column":4},"end":{"line":11,"column":17}},"4":{"start":{"line":15,"column":24},"end":{"line":21,"column":1}},"5":{"start":{"line":16,"column":2},"end":{"line":20,"column":3}},"6":{"start":{"line":17,"column":4},"end":{"line":17,"column":41}},"7":{"start":{"line":19,"column":4},"end":{"line":19,"column":17}},"8":{"start":{"line":23,"column":27},"end":{"line":29,"column":1}},"9":{"start":{"line":24,"column":2},"end":{"line":28,"column":3}},"10":{"start":{"line":25,"column":4},"end":{"line":25,"column":61}},"11":{"start":{"line":27,"column":4},"end":{"line":27,"column":17}},"12":{"start":{"line":31,"column":27},"end":{"line":37,"column":1}},"13":{"start":{"line":32,"column":2},"end":{"line":36,"column":3}},"14":{"start":{"line":33,"column":4},"end":{"line":33,"column":53}},"15":{"start":{"line":35,"column":4},"end":{"line":35,"column":17}}},"fnMap":{"0":{"name":"(anonymous_0)","decl":{"start":{"line":3,"column":24},"end":{"line":3,"column":25}},"loc":{"start":{"line":3,"column":42},"end":{"line":13,"column":1}},"line":3},"1":{"name":"(anonymous_1)","decl":{"start":{"line":15,"column":24},"end":{"line":15,"column":25}},"loc":{"start":{"line":15,"column":40},"end":{"line":21,"column":1}},"line":15},"2":{"name":"(anonymous_2)","decl":{"start":{"line":23,"column":27},"end":{"line":23,"column":28}},"loc":{"start":{"line":23,"column":53},"end":{"line":29,"column":1}},"line":23},"3":{"name":"(anonymous_3)","decl":{"start":{"line":31,"column":27},"end":{"line":31,"column":28}},"loc":{"start":{"line":31,"column":45},"end":{"line":37,"column":1}},"line":31}},"branchMap":{},"s":{"0":1,"1":0,"2":0,"3":0,"4":1,"5":0,"6":0,"7":0,"8":1,"9":0,"10":0,"11":0,"12":1,"13":0,"14":0,"15":0},"f":{"0":0,"1":0,"2":0,"3":0},"b":{},"_coverageSchema":"43e27e138ebf9cfc5966b082cf9a028302ed4184","hash":"f773dd315a26f0993b10f4b8a720b9de5233f680"}
,"C:\\Users\\soporte\\Desktop\\CN-33-backend\\UberEats\\src\\actions\\calificacionAction.js": {"path":"C:\\Users\\soporte\\Desktop\\CN-33-backend\\UberEats\\src\\actions\\calificacionAction.js","statementMap":{"0":{"start":{"line":4,"column":31},"end":{"line":14,"column":1}},"1":{"start":{"line":5,"column":2},"end":{"line":13,"column":3}},"2":{"start":{"line":6,"column":28},"end":{"line":6,"column":64}},"3":{"start":{"line":9,"column":4},"end":{"line":9,"column":116}},"4":{"start":{"line":10,"column":4},"end":{"line":10,"column":33}},"5":{"start":{"line":12,"column":4},"end":{"line":12,"column":17}}},"fnMap":{"0":{"name":"(anonymous_0)","decl":{"start":{"line":4,"column":31},"end":{"line":4,"column":32}},"loc":{"start":{"line":4,"column":47},"end":{"line":14,"column":1}},"line":4}},"branchMap":{},"s":{"0":1,"1":0,"2":0,"3":0,"4":0,"5":0},"f":{"0":0},"b":{},"_coverageSchema":"43e27e138ebf9cfc5966b082cf9a028302ed4184","hash":"7c0bad8a30d967cf1d1d5261a88ee419cf948773"}
,"C:\\Users\\soporte\\Desktop\\CN-33-backend\\UberEats\\src\\actions\\categoriaAction.js": {"path":"C:\\Users\\soporte\\Desktop\\CN-33-backend\\UberEats\\src\\actions\\categoriaAction.js","statementMap":{"0":{"start":{"line":3,"column":31},"end":{"line":9,"column":1}},"1":{"start":{"line":4,"column":2},"end":{"line":8,"column":3}},"2":{"start":{"line":5,"column":4},"end":{"line":5,"column":54}},"3":{"start":{"line":7,"column":4},"end":{"line":7,"column":18}},"4":{"start":{"line":11,"column":28},"end":{"line":17,"column":1}},"5":{"start":{"line":12,"column":2},"end":{"line":16,"column":3}},"6":{"start":{"line":13,"column":4},"end":{"line":13,"column":67}},"7":{"start":{"line":15,"column":4},"end":{"line":15,"column":17}},"8":{"start":{"line":20,"column":31},"end":{"line":26,"column":1}},"9":{"start":{"line":21,"column":2},"end":{"line":25,"column":3}},"10":{"start":{"line":22,"column":4},"end":{"line":22,"column":80}},"11":{"start":{"line":24,"column":4},"end":{"line":24,"column":17}},"12":{"start":{"line":28,"column":31},"end":{"line":34,"column":1}},"13":{"start":{"line":29,"column":2},"end":{"line":33,"column":3}},"14":{"start":{"line":30,"column":4},"end":{"line":30,"column":57}},"15":{"start":{"line":32,"column":4},"end":{"line":32,"column":17}}},"fnMap":{"0":{"name":"(anonymous_0)","decl":{"start":{"line":3,"column":31},"end":{"line":3,"column":32}},"loc":{"start":{"line":3,"column":56},"end":{"line":9,"column":1}},"line":3},"1":{"name":"(anonymous_1)","decl":{"start":{"line":11,"column":28},"end":{"line":11,"column":29}},"loc":{"start":{"line":11,"column":46},"end":{"line":17,"column":1}},"line":11},"2":{"name":"(anonymous_2)","decl":{"start":{"line":20,"column":31},"end":{"line":20,"column":32}},"loc":{"start":{"line":20,"column":57},"end":{"line":26,"column":1}},"line":20},"3":{"name":"(anonymous_3)","decl":{"start":{"line":28,"column":31},"end":{"line":28,"column":32}},"loc":{"start":{"line":28,"column":49},"end":{"line":34,"column":1}},"line":28}},"branchMap":{},"s":{"0":1,"1":1,"2":1,"3":0,"4":1,"5":1,"6":1,"7":0,"8":1,"9":2,"10":2,"11":0,"12":1,"13":1,"14":1,"15":0},"f":{"0":1,"1":1,"2":2,"3":1},"b":{},"_coverageSchema":"43e27e138ebf9cfc5966b082cf9a028302ed4184","hash":"1a8a8644dc51dcdd1e10b714ffd8544b1bcfe2e3"}
,"C:\\Users\\soporte\\Desktop\\CN-33-backend\\UberEats\\src\\actions\\pedidoAction.js": {"path":"C:\\Users\\soporte\\Desktop\\CN-33-backend\\UberEats\\src\\actions\\pedidoAction.js","statementMap":{"0":{"start":{"line":5,"column":28},"end":{"line":14,"column":1}},"1":{"start":{"line":6,"column":2},"end":{"line":13,"column":3}},"2":{"start":{"line":7,"column":24},"end":{"line":7,"column":60}},"3":{"start":{"line":8,"column":19},"end":{"line":8,"column":60}},"4":{"start":{"line":9,"column":4},"end":{"line":9,"column":62}},"5":{"start":{"line":10,"column":4},"end":{"line":10,"column":23}},"6":{"start":{"line":12,"column":4},"end":{"line":12,"column":17}},"7":{"start":{"line":16,"column":25},"end":{"line":28,"column":1}},"8":{"start":{"line":17,"column":2},"end":{"line":27,"column":3}},"9":{"start":{"line":18,"column":20},"end":{"line":22,"column":35}},"10":{"start":{"line":24,"column":4},"end":{"line":24,"column":19}},"11":{"start":{"line":26,"column":4},"end":{"line":26,"column":17}},"12":{"start":{"line":30,"column":28},"end":{"line":36,"column":1}},"13":{"start":{"line":31,"column":2},"end":{"line":35,"column":3}},"14":{"start":{"line":32,"column":4},"end":{"line":32,"column":77}},"15":{"start":{"line":34,"column":4},"end":{"line":34,"column":17}},"16":{"start":{"line":38,"column":28},"end":{"line":44,"column":1}},"17":{"start":{"line":39,"column":2},"end":{"line":43,"column":3}},"18":{"start":{"line":40,"column":4},"end":{"line":40,"column":54}},"19":{"start":{"line":42,"column":4},"end":{"line":42,"column":17}}},"fnMap":{"0":{"name":"(anonymous_0)","decl":{"start":{"line":5,"column":28},"end":{"line":5,"column":29}},"loc":{"start":{"line":5,"column":50},"end":{"line":14,"column":1}},"line":5},"1":{"name":"(anonymous_1)","decl":{"start":{"line":16,"column":25},"end":{"line":16,"column":26}},"loc":{"start":{"line":16,"column":43},"end":{"line":28,"column":1}},"line":16},"2":{"name":"(anonymous_2)","decl":{"start":{"line":30,"column":28},"end":{"line":30,"column":29}},"loc":{"start":{"line":30,"column":54},"end":{"line":36,"column":1}},"line":30},"3":{"name":"(anonymous_3)","decl":{"start":{"line":38,"column":28},"end":{"line":38,"column":29}},"loc":{"start":{"line":38,"column":46},"end":{"line":44,"column":1}},"line":38}},"branchMap":{},"s":{"0":1,"1":1,"2":1,"3":1,"4":1,"5":1,"6":0,"7":1,"8":2,"9":2,"10":2,"11":0,"12":1,"13":2,"14":2,"15":0,"16":1,"17":1,"18":1,"19":0},"f":{"0":1,"1":2,"2":2,"3":1},"b":{},"_coverageSchema":"43e27e138ebf9cfc5966b082cf9a028302ed4184","hash":"286615e0e5585aeb20c20b5128f0dcdcd6c1db68"}
,"C:\\Users\\soporte\\Desktop\\CN-33-backend\\UberEats\\src\\actions\\platilloAction.js": {"path":"C:\\Users\\soporte\\Desktop\\CN-33-backend\\UberEats\\src\\actions\\platilloAction.js","statementMap":{"0":{"start":{"line":6,"column":30},"end":{"line":16,"column":1}},"1":{"start":{"line":7,"column":2},"end":{"line":15,"column":3}},"2":{"start":{"line":8,"column":27},"end":{"line":8,"column":67}},"3":{"start":{"line":9,"column":19},"end":{"line":9,"column":65}},"4":{"start":{"line":10,"column":4},"end":{"line":10,"column":73}},"5":{"start":{"line":11,"column":4},"end":{"line":11,"column":69}},"6":{"start":{"line":12,"column":4},"end":{"line":12,"column":26}},"7":{"start":{"line":14,"column":4},"end":{"line":14,"column":17}},"8":{"start":{"line":18,"column":27},"end":{"line":24,"column":1}},"9":{"start":{"line":19,"column":2},"end":{"line":23,"column":3}},"10":{"start":{"line":20,"column":4},"end":{"line":20,"column":90}},"11":{"start":{"line":22,"column":4},"end":{"line":22,"column":17}},"12":{"start":{"line":26,"column":30},"end":{"line":32,"column":1}},"13":{"start":{"line":27,"column":2},"end":{"line":31,"column":3}},"14":{"start":{"line":28,"column":4},"end":{"line":28,"column":79}},"15":{"start":{"line":30,"column":4},"end":{"line":30,"column":17}},"16":{"start":{"line":34,"column":30},"end":{"line":40,"column":1}},"17":{"start":{"line":35,"column":2},"end":{"line":39,"column":3}},"18":{"start":{"line":36,"column":4},"end":{"line":36,"column":56}},"19":{"start":{"line":38,"column":4},"end":{"line":38,"column":17}}},"fnMap":{"0":{"name":"(anonymous_0)","decl":{"start":{"line":6,"column":30},"end":{"line":6,"column":31}},"loc":{"start":{"line":6,"column":54},"end":{"line":16,"column":1}},"line":6},"1":{"name":"(anonymous_1)","decl":{"start":{"line":18,"column":27},"end":{"line":18,"column":28}},"loc":{"start":{"line":18,"column":45},"end":{"line":24,"column":1}},"line":18},"2":{"name":"(anonymous_2)","decl":{"start":{"line":26,"column":30},"end":{"line":26,"column":31}},"loc":{"start":{"line":26,"column":56},"end":{"line":32,"column":1}},"line":26},"3":{"name":"(anonymous_3)","decl":{"start":{"line":34,"column":30},"end":{"line":34,"column":31}},"loc":{"start":{"line":34,"column":48},"end":{"line":40,"column":1}},"line":34}},"branchMap":{},"s":{"0":1,"1":1,"2":1,"3":1,"4":1,"5":1,"6":1,"7":0,"8":1,"9":1,"10":1,"11":0,"12":1,"13":1,"14":1,"15":0,"16":1,"17":1,"18":1,"19":0},"f":{"0":1,"1":1,"2":1,"3":1},"b":{},"_coverageSchema":"43e27e138ebf9cfc5966b082cf9a028302ed4184","hash":"ce2f87e76d98b7bb9cf26d66a420ef8b988317ef"}
,"C:\\Users\\soporte\\Desktop\\CN-33-backend\\UberEats\\src\\actions\\repartidorAction.js": {"path":"C:\\Users\\soporte\\Desktop\\CN-33-backend\\UberEats\\src\\actions\\repartidorAction.js","statementMap":{"0":{"start":{"line":4,"column":32},"end":{"line":10,"column":1}},"1":{"start":{"line":5,"column":2},"end":{"line":9,"column":3}},"2":{"start":{"line":6,"column":4},"end":{"line":6,"column":57}},"3":{"start":{"line":8,"column":4},"end":{"line":8,"column":17}},"4":{"start":{"line":12,"column":29},"end":{"line":19,"column":1}},"5":{"start":{"line":13,"column":2},"end":{"line":18,"column":3}},"6":{"start":{"line":14,"column":25},"end":{"line":14,"column":107}},"7":{"start":{"line":15,"column":4},"end":{"line":15,"column":55}},"8":{"start":{"line":17,"column":4},"end":{"line":17,"column":17}},"9":{"start":{"line":21,"column":32},"end":{"line":27,"column":1}},"10":{"start":{"line":22,"column":2},"end":{"line":26,"column":3}},"11":{"start":{"line":23,"column":4},"end":{"line":23,"column":82}},"12":{"start":{"line":25,"column":4},"end":{"line":25,"column":17}},"13":{"start":{"line":29,"column":32},"end":{"line":35,"column":1}},"14":{"start":{"line":30,"column":2},"end":{"line":34,"column":3}},"15":{"start":{"line":31,"column":4},"end":{"line":31,"column":59}},"16":{"start":{"line":33,"column":4},"end":{"line":33,"column":17}},"17":{"start":{"line":37,"column":31},"end":{"line":49,"column":1}},"18":{"start":{"line":38,"column":18},"end":{"line":38,"column":20}},"19":{"start":{"line":39,"column":2},"end":{"line":47,"column":4}},"20":{"start":{"line":40,"column":25},"end":{"line":40,"column":26}},"21":{"start":{"line":41,"column":4},"end":{"line":43,"column":6}},"22":{"start":{"line":42,"column":6},"end":{"line":42,"column":49}},"23":{"start":{"line":44,"column":32},"end":{"line":44,"column":97}},"24":{"start":{"line":45,"column":4},"end":{"line":45,"column":57}},"25":{"start":{"line":46,"column":4},"end":{"line":46,"column":23}},"26":{"start":{"line":48,"column":2},"end":{"line":48,"column":17}},"27":{"start":{"line":51,"column":35},"end":{"line":77,"column":1}},"28":{"start":{"line":52,"column":2},"end":{"line":76,"column":3}},"29":{"start":{"line":54,"column":17},"end":{"line":54,"column":40}},"30":{"start":{"line":57,"column":25},"end":{"line":57,"column":46}},"31":{"start":{"line":58,"column":17},"end":{"line":58,"column":83}},"32":{"start":{"line":59,"column":23},"end":{"line":59,"column":43}},"33":{"start":{"line":61,"column":4},"end":{"line":61,"column":89}},"34":{"start":{"line":64,"column":25},"end":{"line":64,"column":26}},"35":{"start":{"line":65,"column":4},"end":{"line":67,"column":6}},"36":{"start":{"line":66,"column":6},"end":{"line":66,"column":49}},"37":{"start":{"line":68,"column":32},"end":{"line":68,"column":109}},"38":{"start":{"line":69,"column":4},"end":{"line":69,"column":63}},"39":{"start":{"line":71,"column":19},"end":{"line":71,"column":89}},"40":{"start":{"line":72,"column":4},"end":{"line":72,"column":39}},"41":{"start":{"line":73,"column":4},"end":{"line":73,"column":22}},"42":{"start":{"line":75,"column":4},"end":{"line":75,"column":17}}},"fnMap":{"0":{"name":"(anonymous_0)","decl":{"start":{"line":4,"column":32},"end":{"line":4,"column":33}},"loc":{"start":{"line":4,"column":58},"end":{"line":10,"column":1}},"line":4},"1":{"name":"(anonymous_1)","decl":{"start":{"line":12,"column":29},"end":{"line":12,"column":30}},"loc":{"start":{"line":12,"column":47},"end":{"line":19,"column":1}},"line":12},"2":{"name":"(anonymous_2)","decl":{"start":{"line":21,"column":32},"end":{"line":21,"column":33}},"loc":{"start":{"line":21,"column":58},"end":{"line":27,"column":1}},"line":21},"3":{"name":"(anonymous_3)","decl":{"start":{"line":29,"column":32},"end":{"line":29,"column":33}},"loc":{"start":{"line":29,"column":50},"end":{"line":35,"column":1}},"line":29},"4":{"name":"(anonymous_4)","decl":{"start":{"line":37,"column":31},"end":{"line":37,"column":32}},"loc":{"start":{"line":37,"column":46},"end":{"line":49,"column":1}},"line":37},"5":{"name":"(anonymous_5)","decl":{"start":{"line":39,"column":14},"end":{"line":39,"column":15}},"loc":{"start":{"line":39,"column":22},"end":{"line":47,"column":3}},"line":39},"6":{"name":"(anonymous_6)","decl":{"start":{"line":41,"column":32},"end":{"line":41,"column":33}},"loc":{"start":{"line":41,"column":48},"end":{"line":43,"column":5}},"line":41},"7":{"name":"(anonymous_7)","decl":{"start":{"line":51,"column":35},"end":{"line":51,"column":36}},"loc":{"start":{"line":51,"column":53},"end":{"line":77,"column":1}},"line":51},"8":{"name":"(anonymous_8)","decl":{"start":{"line":65,"column":38},"end":{"line":65,"column":39}},"loc":{"start":{"line":65,"column":54},"end":{"line":67,"column":5}},"line":65}},"branchMap":{"0":{"loc":{"start":{"line":44,"column":32},"end":{"line":44,"column":97}},"type":"cond-expr","locations":[{"start":{"line":44,"column":67},"end":{"line":44,"column":68}},{"start":{"line":44,"column":71},"end":{"line":44,"column":97}}],"line":44},"1":{"loc":{"start":{"line":68,"column":32},"end":{"line":68,"column":109}},"type":"cond-expr","locations":[{"start":{"line":68,"column":73},"end":{"line":68,"column":74}},{"start":{"line":68,"column":77},"end":{"line":68,"column":109}}],"line":68}},"s":{"0":1,"1":1,"2":1,"3":0,"4":1,"5":2,"6":2,"7":2,"8":0,"9":1,"10":2,"11":2,"12":0,"13":1,"14":1,"15":1,"16":0,"17":1,"18":2,"19":2,"20":50,"21":50,"22":0,"23":50,"24":50,"25":50,"26":2,"27":1,"28":1,"29":1,"30":1,"31":1,"32":1,"33":1,"34":1,"35":1,"36":0,"37":1,"38":1,"39":1,"40":1,"41":1,"42":0},"f":{"0":1,"1":2,"2":2,"3":1,"4":2,"5":50,"6":0,"7":1,"8":0},"b":{"0":[50,0],"1":[1,0]},"_coverageSchema":"43e27e138ebf9cfc5966b082cf9a028302ed4184","hash":"e79277a802a8ef27c545cf700d47bb02be37cc11"}
,"C:\\Users\\soporte\\Desktop\\CN-33-backend\\UberEats\\src\\actions\\restauranteAction.js": {"path":"C:\\Users\\soporte\\Desktop\\CN-33-backend\\UberEats\\src\\actions\\restauranteAction.js","statementMap":{"0":{"start":{"line":3,"column":33},"end":{"line":9,"column":1}},"1":{"start":{"line":4,"column":2},"end":{"line":8,"column":3}},"2":{"start":{"line":5,"column":4},"end":{"line":5,"column":58}},"3":{"start":{"line":7,"column":4},"end":{"line":7,"column":18}},"4":{"start":{"line":11,"column":30},"end":{"line":17,"column":1}},"5":{"start":{"line":12,"column":2},"end":{"line":16,"column":3}},"6":{"start":{"line":13,"column":4},"end":{"line":13,"column":69}},"7":{"start":{"line":15,"column":4},"end":{"line":15,"column":17}},"8":{"start":{"line":19,"column":33},"end":{"line":25,"column":1}},"9":{"start":{"line":20,"column":2},"end":{"line":24,"column":3}},"10":{"start":{"line":21,"column":4},"end":{"line":21,"column":82}},"11":{"start":{"line":23,"column":4},"end":{"line":23,"column":17}},"12":{"start":{"line":27,"column":33},"end":{"line":33,"column":1}},"13":{"start":{"line":28,"column":2},"end":{"line":32,"column":3}},"14":{"start":{"line":29,"column":4},"end":{"line":29,"column":59}},"15":{"start":{"line":31,"column":4},"end":{"line":31,"column":17}}},"fnMap":{"0":{"name":"(anonymous_0)","decl":{"start":{"line":3,"column":33},"end":{"line":3,"column":34}},"loc":{"start":{"line":3,"column":60},"end":{"line":9,"column":1}},"line":3},"1":{"name":"(anonymous_1)","decl":{"start":{"line":11,"column":30},"end":{"line":11,"column":31}},"loc":{"start":{"line":11,"column":48},"end":{"line":17,"column":1}},"line":11},"2":{"name":"(anonymous_2)","decl":{"start":{"line":19,"column":33},"end":{"line":19,"column":34}},"loc":{"start":{"line":19,"column":59},"end":{"line":25,"column":1}},"line":19},"3":{"name":"(anonymous_3)","decl":{"start":{"line":27,"column":33},"end":{"line":27,"column":34}},"loc":{"start":{"line":27,"column":51},"end":{"line":33,"column":1}},"line":27}},"branchMap":{},"s":{"0":1,"1":1,"2":1,"3":0,"4":1,"5":1,"6":1,"7":0,"8":1,"9":2,"10":2,"11":0,"12":1,"13":1,"14":1,"15":0},"f":{"0":1,"1":1,"2":2,"3":1},"b":{},"_coverageSchema":"43e27e138ebf9cfc5966b082cf9a028302ed4184","hash":"4cf0e7d936fe4aee1faf8fb8db200d3990c61c9d"}
,"C:\\Users\\soporte\\Desktop\\CN-33-backend\\UberEats\\src\\actions\\usuarioAction.js": {"path":"C:\\Users\\soporte\\Desktop\\CN-33-backend\\UberEats\\src\\actions\\usuarioAction.js","statementMap":{"0":{"start":{"line":6,"column":0},"end":{"line":10,"column":1}},"1":{"start":{"line":7,"column":15},"end":{"line":7,"column":39}},"2":{"start":{"line":8,"column":2},"end":{"line":8,"column":38}},"3":{"start":{"line":9,"column":2},"end":{"line":9,"column":14}},"4":{"start":{"line":12,"column":20},"end":{"line":23,"column":1}},"5":{"start":{"line":13,"column":14},"end":{"line":13,"column":45}},"6":{"start":{"line":14,"column":18},"end":{"line":19,"column":3}},"7":{"start":{"line":21,"column":16},"end":{"line":21,"column":53}},"8":{"start":{"line":22,"column":2},"end":{"line":22,"column":18}},"9":{"start":{"line":26,"column":29},"end":{"line":34,"column":1}},"10":{"start":{"line":27,"column":2},"end":{"line":33,"column":3}},"11":{"start":{"line":28,"column":20},"end":{"line":28,"column":55}},"12":{"start":{"line":29,"column":18},"end":{"line":29,"column":38}},"13":{"start":{"line":30,"column":4},"end":{"line":30,"column":17}},"14":{"start":{"line":32,"column":4},"end":{"line":32,"column":17}},"15":{"start":{"line":36,"column":26},"end":{"line":42,"column":1}},"16":{"start":{"line":37,"column":2},"end":{"line":41,"column":3}},"17":{"start":{"line":38,"column":4},"end":{"line":38,"column":63}},"18":{"start":{"line":40,"column":4},"end":{"line":40,"column":17}},"19":{"start":{"line":44,"column":29},"end":{"line":52,"column":1}},"20":{"start":{"line":45,"column":2},"end":{"line":51,"column":3}},"21":{"start":{"line":46,"column":17},"end":{"line":46,"column":54}},"22":{"start":{"line":47,"column":4},"end":{"line":47,"column":78}},"23":{"start":{"line":47,"column":65},"end":{"line":47,"column":76}},"24":{"start":{"line":48,"column":4},"end":{"line":48,"column":29}},"25":{"start":{"line":50,"column":4},"end":{"line":50,"column":17}},"26":{"start":{"line":54,"column":29},"end":{"line":60,"column":1}},"27":{"start":{"line":55,"column":2},"end":{"line":59,"column":3}},"28":{"start":{"line":56,"column":4},"end":{"line":56,"column":78}},"29":{"start":{"line":58,"column":4},"end":{"line":58,"column":17}},"30":{"start":{"line":62,"column":29},"end":{"line":68,"column":1}},"31":{"start":{"line":63,"column":2},"end":{"line":67,"column":3}},"32":{"start":{"line":64,"column":4},"end":{"line":64,"column":55}},"33":{"start":{"line":66,"column":4},"end":{"line":66,"column":17}},"34":{"start":{"line":70,"column":30},"end":{"line":76,"column":1}},"35":{"start":{"line":71,"column":2},"end":{"line":75,"column":3}},"36":{"start":{"line":72,"column":4},"end":{"line":72,"column":46}},"37":{"start":{"line":74,"column":4},"end":{"line":74,"column":17}}},"fnMap":{"0":{"name":"(anonymous_0)","decl":{"start":{"line":6,"column":25},"end":{"line":6,"column":26}},"loc":{"start":{"line":6,"column":41},"end":{"line":10,"column":1}},"line":6},"1":{"name":"(anonymous_1)","decl":{"start":{"line":12,"column":20},"end":{"line":12,"column":21}},"loc":{"start":{"line":12,"column":34},"end":{"line":23,"column":1}},"line":12},"2":{"name":"(anonymous_2)","decl":{"start":{"line":26,"column":29},"end":{"line":26,"column":30}},"loc":{"start":{"line":26,"column":49},"end":{"line":34,"column":1}},"line":26},"3":{"name":"(anonymous_3)","decl":{"start":{"line":36,"column":26},"end":{"line":36,"column":27}},"loc":{"start":{"line":36,"column":44},"end":{"line":42,"column":1}},"line":36},"4":{"name":"(anonymous_4)","decl":{"start":{"line":44,"column":29},"end":{"line":44,"column":30}},"loc":{"start":{"line":44,"column":56},"end":{"line":52,"column":1}},"line":44},"5":{"name":"(anonymous_5)","decl":{"start":{"line":54,"column":29},"end":{"line":54,"column":30}},"loc":{"start":{"line":54,"column":55},"end":{"line":60,"column":1}},"line":54},"6":{"name":"(anonymous_6)","decl":{"start":{"line":62,"column":29},"end":{"line":62,"column":30}},"loc":{"start":{"line":62,"column":47},"end":{"line":68,"column":1}},"line":62},"7":{"name":"(anonymous_7)","decl":{"start":{"line":70,"column":30},"end":{"line":70,"column":31}},"loc":{"start":{"line":70,"column":48},"end":{"line":76,"column":1}},"line":70}},"branchMap":{"0":{"loc":{"start":{"line":47,"column":4},"end":{"line":47,"column":78}},"type":"if","locations":[{"start":{"line":47,"column":4},"end":{"line":47,"column":78}},{"start":{"line":47,"column":4},"end":{"line":47,"column":78}}],"line":47},"1":{"loc":{"start":{"line":47,"column":8},"end":{"line":47,"column":61}},"type":"binary-expr","locations":[{"start":{"line":47,"column":8},"end":{"line":47,"column":13}},{"start":{"line":47,"column":17},"end":{"line":47,"column":61}}],"line":47}},"s":{"0":1,"1":1,"2":1,"3":1,"4":1,"5":1,"6":1,"7":1,"8":1,"9":1,"10":1,"11":1,"12":1,"13":1,"14":0,"15":1,"16":1,"17":1,"18":0,"19":1,"20":1,"21":1,"22":1,"23":1,"24":0,"25":0,"26":1,"27":2,"28":2,"29":0,"30":1,"31":1,"32":1,"33":0,"34":1,"35":26,"36":26,"37":0},"f":{"0":1,"1":1,"2":1,"3":1,"4":1,"5":2,"6":1,"7":26},"b":{"0":[1,0],"1":[1,1]},"_coverageSchema":"43e27e138ebf9cfc5966b082cf9a028302ed4184","hash":"f7212b4294ea431a009620a2977547b9947e4196"}
,"C:\\Users\\soporte\\Desktop\\CN-33-backend\\UberEats\\src\\database\\models\\index.js": {"path":"C:\\Users\\soporte\\Desktop\\CN-33-backend\\UberEats\\src\\database\\models\\index.js","statementMap":{"0":{"start":{"line":1,"column":17},"end":{"line":1,"column":36}},"1":{"start":{"line":4,"column":22},"end":{"line":4,"column":57}},"2":{"start":{"line":5,"column":25},"end":{"line":5,"column":63}},"3":{"start":{"line":6,"column":26},"end":{"line":6,"column":65}},"4":{"start":{"line":7,"column":24},"end":{"line":7,"column":61}},"5":{"start":{"line":8,"column":23},"end":{"line":8,"column":59}},"6":{"start":{"line":9,"column":21},"end":{"line":9,"column":55}},"7":{"start":{"line":10,"column":27},"end":{"line":10,"column":67}},"8":{"start":{"line":11,"column":20},"end":{"line":11,"column":53}},"9":{"start":{"line":14,"column":21},"end":{"line":14,"column":62}},"10":{"start":{"line":15,"column":25},"end":{"line":15,"column":73}},"11":{"start":{"line":16,"column":25},"end":{"line":16,"column":74}},"12":{"start":{"line":17,"column":23},"end":{"line":17,"column":68}},"13":{"start":{"line":18,"column":22},"end":{"line":18,"column":65}},"14":{"start":{"line":19,"column":20},"end":{"line":19,"column":59}},"15":{"start":{"line":20,"column":26},"end":{"line":20,"column":78}},"16":{"start":{"line":21,"column":19},"end":{"line":21,"column":62}},"17":{"start":{"line":23,"column":0},"end":{"line":32,"column":2}}},"fnMap":{},"branchMap":{},"s":{"0":1,"1":1,"2":1,"3":1,"4":1,"5":1,"6":1,"7":1,"8":1,"9":1,"10":1,"11":1,"12":1,"13":1,"14":1,"15":1,"16":1,"17":1},"f":{},"b":{},"_coverageSchema":"43e27e138ebf9cfc5966b082cf9a028302ed4184","hash":"8c279783bd645fbe0e12e3b2e20fe7caa3d8aa4f"}
,"C:\\Users\\soporte\\Desktop\\CN-33-backend\\UberEats\\src\\database\\schemas\\buzonSchema.js": {"path":"C:\\Users\\soporte\\Desktop\\CN-33-backend\\UberEats\\src\\database\\schemas\\buzonSchema.js","statementMap":{"0":{"start":{"line":1,"column":17},"end":{"line":1,"column":36}},"1":{"start":{"line":3,"column":15},"end":{"line":3,"column":30}},"2":{"start":{"line":5,"column":20},"end":{"line":27,"column":24}},"3":{"start":{"line":29,"column":0},"end":{"line":31,"column":2}},"4":{"start":{"line":30,"column":2},"end":{"line":30,"column":25}},"5":{"start":{"line":33,"column":0},"end":{"line":33,"column":29}}},"fnMap":{"0":{"name":"(anonymous_0)","decl":{"start":{"line":29,"column":44},"end":{"line":29,"column":45}},"loc":{"start":{"line":29,"column":56},"end":{"line":31,"column":1}},"line":29}},"branchMap":{},"s":{"0":1,"1":1,"2":1,"3":1,"4":6,"5":1},"f":{"0":6},"b":{},"_coverageSchema":"43e27e138ebf9cfc5966b082cf9a028302ed4184","hash":"26ebe0f493490a27fd3ccb4f02bd7a0a2f6757fe"}
,"C:\\Users\\soporte\\Desktop\\CN-33-backend\\UberEats\\src\\database\\schemas\\calificacionSchema.js": {"path":"C:\\Users\\soporte\\Desktop\\CN-33-backend\\UberEats\\src\\database\\schemas\\calificacionSchema.js","statementMap":{"0":{"start":{"line":1,"column":17},"end":{"line":1,"column":36}},"1":{"start":{"line":3,"column":15},"end":{"line":3,"column":30}},"2":{"start":{"line":5,"column":27},"end":{"line":24,"column":24}},"3":{"start":{"line":26,"column":0},"end":{"line":28,"column":2}},"4":{"start":{"line":27,"column":2},"end":{"line":27,"column":25}},"5":{"start":{"line":30,"column":0},"end":{"line":30,"column":36}}},"fnMap":{"0":{"name":"(anonymous_0)","decl":{"start":{"line":26,"column":44},"end":{"line":26,"column":45}},"loc":{"start":{"line":26,"column":56},"end":{"line":28,"column":1}},"line":26}},"branchMap":{},"s":{"0":1,"1":1,"2":1,"3":1,"4":0,"5":1},"f":{"0":0},"b":{},"_coverageSchema":"43e27e138ebf9cfc5966b082cf9a028302ed4184","hash":"72aa0d04ce26764acb4fc9cdd5eccee560058eb0"}
,"C:\\Users\\soporte\\Desktop\\CN-33-backend\\UberEats\\src\\database\\schemas\\categoriaSchema.js": {"path":"C:\\Users\\soporte\\Desktop\\CN-33-backend\\UberEats\\src\\database\\schemas\\categoriaSchema.js","statementMap":{"0":{"start":{"line":1,"column":17},"end":{"line":1,"column":36}},"1":{"start":{"line":3,"column":15},"end":{"line":3,"column":30}},"2":{"start":{"line":5,"column":24},"end":{"line":17,"column":24}},"3":{"start":{"line":19,"column":0},"end":{"line":21,"column":2}},"4":{"start":{"line":20,"column":2},"end":{"line":20,"column":25}},"5":{"start":{"line":23,"column":0},"end":{"line":23,"column":33}}},"fnMap":{"0":{"name":"(anonymous_0)","decl":{"start":{"line":19,"column":44},"end":{"line":19,"column":45}},"loc":{"start":{"line":19,"column":56},"end":{"line":21,"column":1}},"line":19}},"branchMap":{},"s":{"0":1,"1":1,"2":1,"3":1,"4":0,"5":1},"f":{"0":0},"b":{},"_coverageSchema":"43e27e138ebf9cfc5966b082cf9a028302ed4184","hash":"97ebb3eeb9bdf6a8e644f88599cb56a7d1a9fcab"}
,"C:\\Users\\soporte\\Desktop\\CN-33-backend\\UberEats\\src\\database\\schemas\\pedidoSchema.js": {"path":"C:\\Users\\soporte\\Desktop\\CN-33-backend\\UberEats\\src\\database\\schemas\\pedidoSchema.js","statementMap":{"0":{"start":{"line":1,"column":17},"end":{"line":1,"column":36}},"1":{"start":{"line":3,"column":15},"end":{"line":3,"column":30}},"2":{"start":{"line":6,"column":21},"end":{"line":41,"column":24}},"3":{"start":{"line":44,"column":0},"end":{"line":46,"column":2}},"4":{"start":{"line":45,"column":2},"end":{"line":45,"column":25}},"5":{"start":{"line":48,"column":0},"end":{"line":48,"column":30}}},"fnMap":{"0":{"name":"(anonymous_0)","decl":{"start":{"line":44,"column":44},"end":{"line":44,"column":45}},"loc":{"start":{"line":44,"column":56},"end":{"line":46,"column":1}},"line":44}},"branchMap":{},"s":{"0":1,"1":1,"2":1,"3":1,"4":0,"5":1},"f":{"0":0},"b":{},"_coverageSchema":"43e27e138ebf9cfc5966b082cf9a028302ed4184","hash":"ea59f9ce70a7b5de544202a318359b7b8b68f320"}
,"C:\\Users\\soporte\\Desktop\\CN-33-backend\\UberEats\\src\\database\\schemas\\platilloSchema.js": {"path":"C:\\Users\\soporte\\Desktop\\CN-33-backend\\UberEats\\src\\database\\schemas\\platilloSchema.js","statementMap":{"0":{"start":{"line":1,"column":17},"end":{"line":1,"column":36}},"1":{"start":{"line":3,"column":15},"end":{"line":3,"column":30}},"2":{"start":{"line":5,"column":23},"end":{"line":31,"column":24}},"3":{"start":{"line":33,"column":0},"end":{"line":35,"column":2}},"4":{"start":{"line":34,"column":2},"end":{"line":34,"column":25}},"5":{"start":{"line":37,"column":0},"end":{"line":37,"column":32}}},"fnMap":{"0":{"name":"(anonymous_0)","decl":{"start":{"line":33,"column":44},"end":{"line":33,"column":45}},"loc":{"start":{"line":33,"column":56},"end":{"line":35,"column":1}},"line":33}},"branchMap":{},"s":{"0":1,"1":1,"2":1,"3":1,"4":0,"5":1},"f":{"0":0},"b":{},"_coverageSchema":"43e27e138ebf9cfc5966b082cf9a028302ed4184","hash":"ec48009e7f285205c3fb53e7d0989b47dd4dbaa6"}
,"C:\\Users\\soporte\\Desktop\\CN-33-backend\\UberEats\\src\\database\\schemas\\repartidorSchema.js": {"path":"C:\\Users\\soporte\\Desktop\\CN-33-backend\\UberEats\\src\\database\\schemas\\repartidorSchema.js","statementMap":{"0":{"start":{"line":1,"column":17},"end":{"line":1,"column":36}},"1":{"start":{"line":3,"column":15},"end":{"line":3,"column":30}},"2":{"start":{"line":5,"column":25},"end":{"line":33,"column":24}},"3":{"start":{"line":35,"column":0},"end":{"line":37,"column":2}},"4":{"start":{"line":36,"column":2},"end":{"line":36,"column":25}},"5":{"start":{"line":39,"column":0},"end":{"line":39,"column":34}}},"fnMap":{"0":{"name":"(anonymous_0)","decl":{"start":{"line":35,"column":44},"end":{"line":35,"column":45}},"loc":{"start":{"line":35,"column":56},"end":{"line":37,"column":1}},"line":35}},"branchMap":{},"s":{"0":1,"1":1,"2":1,"3":1,"4":0,"5":1},"f":{"0":0},"b":{},"_coverageSchema":"43e27e138ebf9cfc5966b082cf9a028302ed4184","hash":"2d0ead9237b7cd6a236872bf190167f17cde01fa"}
,"C:\\Users\\soporte\\Desktop\\CN-33-backend\\UberEats\\src\\database\\schemas\\restauranteSchema.js": {"path":"C:\\Users\\soporte\\Desktop\\CN-33-backend\\UberEats\\src\\database\\schemas\\restauranteSchema.js","statementMap":{"0":{"start":{"line":1,"column":17},"end":{"line":1,"column":36}},"1":{"start":{"line":3,"column":15},"end":{"line":3,"column":30}},"2":{"start":{"line":5,"column":26},"end":{"line":25,"column":24}},"3":{"start":{"line":27,"column":0},"end":{"line":29,"column":2}},"4":{"start":{"line":28,"column":2},"end":{"line":28,"column":25}},"5":{"start":{"line":31,"column":0},"end":{"line":31,"column":35}}},"fnMap":{"0":{"name":"(anonymous_0)","decl":{"start":{"line":27,"column":44},"end":{"line":27,"column":45}},"loc":{"start":{"line":27,"column":56},"end":{"line":29,"column":1}},"line":27}},"branchMap":{},"s":{"0":1,"1":1,"2":1,"3":1,"4":0,"5":1},"f":{"0":0},"b":{},"_coverageSchema":"43e27e138ebf9cfc5966b082cf9a028302ed4184","hash":"7739279445319f8596d0a5aeeacf7d2416cef63a"}
,"C:\\Users\\soporte\\Desktop\\CN-33-backend\\UberEats\\src\\database\\schemas\\usuarioSchema.js": {"path":"C:\\Users\\soporte\\Desktop\\CN-33-backend\\UberEats\\src\\database\\schemas\\usuarioSchema.js","statementMap":{"0":{"start":{"line":1,"column":17},"end":{"line":1,"column":36}},"1":{"start":{"line":2,"column":15},"end":{"line":2,"column":32}},"2":{"start":{"line":4,"column":15},"end":{"line":4,"column":30}},"3":{"start":{"line":6,"column":22},"end":{"line":31,"column":24}},"4":{"start":{"line":33,"column":0},"end":{"line":35,"column":2}},"5":{"start":{"line":34,"column":2},"end":{"line":34,"column":25}},"6":{"start":{"line":37,"column":0},"end":{"line":46,"column":3}},"7":{"start":{"line":38,"column":13},"end":{"line":38,"column":17}},"8":{"start":{"line":39,"column":2},"end":{"line":45,"column":5}},"9":{"start":{"line":40,"column":4},"end":{"line":44,"column":7}},"10":{"start":{"line":41,"column":6},"end":{"line":41,"column":36}},"11":{"start":{"line":41,"column":17},"end":{"line":41,"column":36}},"12":{"start":{"line":42,"column":6},"end":{"line":42,"column":27}},"13":{"start":{"line":43,"column":6},"end":{"line":43,"column":13}},"14":{"start":{"line":48,"column":0},"end":{"line":48,"column":31}}},"fnMap":{"0":{"name":"(anonymous_0)","decl":{"start":{"line":33,"column":44},"end":{"line":33,"column":45}},"loc":{"start":{"line":33,"column":56},"end":{"line":35,"column":1}},"line":33},"1":{"name":"(anonymous_1)","decl":{"start":{"line":37,"column":26},"end":{"line":37,"column":27}},"loc":{"start":{"line":37,"column":42},"end":{"line":46,"column":1}},"line":37},"2":{"name":"(anonymous_2)","decl":{"start":{"line":39,"column":21},"end":{"line":39,"column":22}},"loc":{"start":{"line":39,"column":44},"end":{"line":45,"column":3}},"line":39},"3":{"name":"(anonymous_3)","decl":{"start":{"line":40,"column":37},"end":{"line":40,"column":38}},"loc":{"start":{"line":40,"column":60},"end":{"line":44,"column":5}},"line":40}},"branchMap":{"0":{"loc":{"start":{"line":41,"column":6},"end":{"line":41,"column":36}},"type":"if","locations":[{"start":{"line":41,"column":6},"end":{"line":41,"column":36}},{"start":{"line":41,"column":6},"end":{"line":41,"column":36}}],"line":41}},"s":{"0":1,"1":1,"2":1,"3":1,"4":1,"5":0,"6":1,"7":1,"8":1,"9":1,"10":1,"11":0,"12":1,"13":1,"14":1},"f":{"0":0,"1":1,"2":1,"3":1},"b":{"0":[0,1]},"_coverageSchema":"43e27e138ebf9cfc5966b082cf9a028302ed4184","hash":"de846abfe0b86e68883f0292806278c872314816"}
,"C:\\Users\\soporte\\Desktop\\CN-33-backend\\UberEats\\src\\graphql\\resolvers.js": {"path":"C:\\Users\\soporte\\Desktop\\CN-33-backend\\UberEats\\src\\graphql\\resolvers.js","statementMap":{"0":{"start":{"line":12,"column":18},"end":{"line":349,"column":1}},"1":{"start":{"line":15,"column":6},"end":{"line":20,"column":7}},"2":{"start":{"line":16,"column":23},"end":{"line":16,"column":34}},"3":{"start":{"line":17,"column":8},"end":{"line":17,"column":40}},"4":{"start":{"line":19,"column":8},"end":{"line":19,"column":21}},"5":{"start":{"line":23,"column":6},"end":{"line":27,"column":7}},"6":{"start":{"line":24,"column":8},"end":{"line":24,"column":20}},"7":{"start":{"line":26,"column":8},"end":{"line":26,"column":21}},"8":{"start":{"line":30,"column":6},"end":{"line":35,"column":7}},"9":{"start":{"line":31,"column":23},"end":{"line":31,"column":34}},"10":{"start":{"line":32,"column":8},"end":{"line":32,"column":43}},"11":{"start":{"line":34,"column":8},"end":{"line":34,"column":21}},"12":{"start":{"line":38,"column":6},"end":{"line":43,"column":7}},"13":{"start":{"line":39,"column":23},"end":{"line":39,"column":34}},"14":{"start":{"line":40,"column":8},"end":{"line":40,"column":44}},"15":{"start":{"line":42,"column":8},"end":{"line":42,"column":21}},"16":{"start":{"line":46,"column":6},"end":{"line":51,"column":7}},"17":{"start":{"line":47,"column":23},"end":{"line":47,"column":34}},"18":{"start":{"line":48,"column":8},"end":{"line":48,"column":42}},"19":{"start":{"line":50,"column":8},"end":{"line":50,"column":21}},"20":{"start":{"line":54,"column":6},"end":{"line":59,"column":7}},"21":{"start":{"line":55,"column":23},"end":{"line":55,"column":34}},"22":{"start":{"line":56,"column":8},"end":{"line":56,"column":41}},"23":{"start":{"line":58,"column":8},"end":{"line":58,"column":21}},"24":{"start":{"line":62,"column":6},"end":{"line":67,"column":7}},"25":{"start":{"line":63,"column":23},"end":{"line":63,"column":34}},"26":{"start":{"line":64,"column":8},"end":{"line":64,"column":39}},"27":{"start":{"line":66,"column":8},"end":{"line":66,"column":21}},"28":{"start":{"line":70,"column":6},"end":{"line":75,"column":7}},"29":{"start":{"line":71,"column":23},"end":{"line":71,"column":34}},"30":{"start":{"line":72,"column":8},"end":{"line":72,"column":38}},"31":{"start":{"line":74,"column":8},"end":{"line":74,"column":21}},"32":{"start":{"line":81,"column":6},"end":{"line":85,"column":7}},"33":{"start":{"line":82,"column":8},"end":{"line":82,"column":52}},"34":{"start":{"line":84,"column":8},"end":{"line":84,"column":21}},"35":{"start":{"line":88,"column":6},"end":{"line":105,"column":7}},"36":{"start":{"line":90,"column":8},"end":{"line":101,"column":9}},"37":{"start":{"line":92,"column":39},"end":{"line":92,"column":56}},"38":{"start":{"line":93,"column":25},"end":{"line":93,"column":43}},"39":{"start":{"line":94,"column":26},"end":{"line":94,"column":51}},"40":{"start":{"line":95,"column":10},"end":{"line":98,"column":11}},"41":{"start":{"line":100,"column":10},"end":{"line":100,"column":31}},"42":{"start":{"line":102,"column":8},"end":{"line":102,"column":44}},"43":{"start":{"line":104,"column":8},"end":{"line":104,"column":21}},"44":{"start":{"line":108,"column":6},"end":{"line":114,"column":7}},"45":{"start":{"line":109,"column":23},"end":{"line":109,"column":41}},"46":{"start":{"line":110,"column":23},"end":{"line":110,"column":44}},"47":{"start":{"line":111,"column":8},"end":{"line":111,"column":50}},"48":{"start":{"line":113,"column":8},"end":{"line":113,"column":21}},"49":{"start":{"line":117,"column":6},"end":{"line":122,"column":7}},"50":{"start":{"line":118,"column":23},"end":{"line":118,"column":41}},"51":{"start":{"line":119,"column":8},"end":{"line":119,"column":42}},"52":{"start":{"line":121,"column":8},"end":{"line":121,"column":21}},"53":{"start":{"line":126,"column":6},"end":{"line":143,"column":7}},"54":{"start":{"line":128,"column":8},"end":{"line":139,"column":9}},"55":{"start":{"line":130,"column":39},"end":{"line":130,"column":56}},"56":{"start":{"line":131,"column":25},"end":{"line":131,"column":43}},"57":{"start":{"line":132,"column":26},"end":{"line":132,"column":51}},"58":{"start":{"line":133,"column":10},"end":{"line":136,"column":11}},"59":{"start":{"line":138,"column":10},"end":{"line":138,"column":31}},"60":{"start":{"line":140,"column":8},"end":{"line":140,"column":46}},"61":{"start":{"line":142,"column":8},"end":{"line":142,"column":21}},"62":{"start":{"line":146,"column":6},"end":{"line":152,"column":7}},"63":{"start":{"line":147,"column":23},"end":{"line":147,"column":44}},"64":{"start":{"line":148,"column":23},"end":{"line":148,"column":44}},"65":{"start":{"line":149,"column":8},"end":{"line":149,"column":53}},"66":{"start":{"line":151,"column":8},"end":{"line":151,"column":21}},"67":{"start":{"line":155,"column":6},"end":{"line":160,"column":7}},"68":{"start":{"line":156,"column":23},"end":{"line":156,"column":44}},"69":{"start":{"line":157,"column":8},"end":{"line":157,"column":45}},"70":{"start":{"line":159,"column":8},"end":{"line":159,"column":21}},"71":{"start":{"line":163,"column":6},"end":{"line":168,"column":7}},"72":{"start":{"line":164,"column":23},"end":{"line":164,"column":40}},"73":{"start":{"line":165,"column":8},"end":{"line":165,"column":48}},"74":{"start":{"line":167,"column":8},"end":{"line":167,"column":21}},"75":{"start":{"line":172,"column":6},"end":{"line":190,"column":7}},"76":{"start":{"line":175,"column":8},"end":{"line":186,"column":9}},"77":{"start":{"line":177,"column":39},"end":{"line":177,"column":56}},"78":{"start":{"line":178,"column":25},"end":{"line":178,"column":43}},"79":{"start":{"line":179,"column":26},"end":{"line":179,"column":51}},"80":{"start":{"line":180,"column":10},"end":{"line":183,"column":11}},"81":{"start":{"line":185,"column":10},"end":{"line":185,"column":31}},"82":{"start":{"line":187,"column":8},"end":{"line":187,"column":48}},"83":{"start":{"line":189,"column":8},"end":{"line":189,"column":21}},"84":{"start":{"line":193,"column":6},"end":{"line":199,"column":7}},"85":{"start":{"line":194,"column":23},"end":{"line":194,"column":45}},"86":{"start":{"line":195,"column":23},"end":{"line":195,"column":44}},"87":{"start":{"line":196,"column":8},"end":{"line":196,"column":55}},"88":{"start":{"line":198,"column":8},"end":{"line":198,"column":21}},"89":{"start":{"line":202,"column":6},"end":{"line":207,"column":7}},"90":{"start":{"line":203,"column":23},"end":{"line":203,"column":45}},"91":{"start":{"line":204,"column":8},"end":{"line":204,"column":46}},"92":{"start":{"line":206,"column":8},"end":{"line":206,"column":21}},"93":{"start":{"line":211,"column":6},"end":{"line":229,"column":7}},"94":{"start":{"line":214,"column":8},"end":{"line":225,"column":9}},"95":{"start":{"line":216,"column":39},"end":{"line":216,"column":56}},"96":{"start":{"line":217,"column":25},"end":{"line":217,"column":43}},"97":{"start":{"line":218,"column":26},"end":{"line":218,"column":51}},"98":{"start":{"line":219,"column":10},"end":{"line":222,"column":11}},"99":{"start":{"line":224,"column":10},"end":{"line":224,"column":31}},"100":{"start":{"line":226,"column":8},"end":{"line":226,"column":46}},"101":{"start":{"line":228,"column":8},"end":{"line":228,"column":21}},"102":{"start":{"line":232,"column":6},"end":{"line":238,"column":7}},"103":{"start":{"line":233,"column":23},"end":{"line":233,"column":43}},"104":{"start":{"line":234,"column":23},"end":{"line":234,"column":44}},"105":{"start":{"line":235,"column":8},"end":{"line":235,"column":53}},"106":{"start":{"line":237,"column":8},"end":{"line":237,"column":21}},"107":{"start":{"line":241,"column":6},"end":{"line":246,"column":7}},"108":{"start":{"line":242,"column":23},"end":{"line":242,"column":43}},"109":{"start":{"line":243,"column":8},"end":{"line":243,"column":44}},"110":{"start":{"line":245,"column":8},"end":{"line":245,"column":21}},"111":{"start":{"line":250,"column":6},"end":{"line":268,"column":7}},"112":{"start":{"line":252,"column":8},"end":{"line":263,"column":9}},"113":{"start":{"line":254,"column":39},"end":{"line":254,"column":56}},"114":{"start":{"line":255,"column":25},"end":{"line":255,"column":43}},"115":{"start":{"line":256,"column":26},"end":{"line":256,"column":51}},"116":{"start":{"line":257,"column":10},"end":{"line":260,"column":11}},"117":{"start":{"line":262,"column":10},"end":{"line":262,"column":31}},"118":{"start":{"line":265,"column":8},"end":{"line":265,"column":45}},"119":{"start":{"line":267,"column":8},"end":{"line":267,"column":21}},"120":{"start":{"line":271,"column":6},"end":{"line":277,"column":7}},"121":{"start":{"line":272,"column":23},"end":{"line":272,"column":42}},"122":{"start":{"line":273,"column":23},"end":{"line":273,"column":44}},"123":{"start":{"line":274,"column":8},"end":{"line":274,"column":52}},"124":{"start":{"line":276,"column":8},"end":{"line":276,"column":21}},"125":{"start":{"line":280,"column":6},"end":{"line":285,"column":7}},"126":{"start":{"line":281,"column":23},"end":{"line":281,"column":42}},"127":{"start":{"line":282,"column":8},"end":{"line":282,"column":43}},"128":{"start":{"line":284,"column":8},"end":{"line":284,"column":21}},"129":{"start":{"line":288,"column":54},"end":{"line":288,"column":83}},"130":{"start":{"line":290,"column":6},"end":{"line":296,"column":7}},"131":{"start":{"line":291,"column":23},"end":{"line":291,"column":40}},"132":{"start":{"line":292,"column":23},"end":{"line":292,"column":44}},"133":{"start":{"line":293,"column":8},"end":{"line":293,"column":50}},"134":{"start":{"line":295,"column":8},"end":{"line":295,"column":21}},"135":{"start":{"line":299,"column":6},"end":{"line":304,"column":7}},"136":{"start":{"line":300,"column":23},"end":{"line":300,"column":40}},"137":{"start":{"line":301,"column":8},"end":{"line":301,"column":41}},"138":{"start":{"line":303,"column":8},"end":{"line":303,"column":21}},"139":{"start":{"line":307,"column":6},"end":{"line":313,"column":7}},"140":{"start":{"line":308,"column":23},"end":{"line":308,"column":40}},"141":{"start":{"line":309,"column":23},"end":{"line":309,"column":57}},"142":{"start":{"line":310,"column":8},"end":{"line":310,"column":49}},"143":{"start":{"line":312,"column":8},"end":{"line":312,"column":21}},"144":{"start":{"line":317,"column":6},"end":{"line":321,"column":7}},"145":{"start":{"line":318,"column":8},"end":{"line":318,"column":43}},"146":{"start":{"line":320,"column":8},"end":{"line":320,"column":21}},"147":{"start":{"line":325,"column":6},"end":{"line":329,"column":7}},"148":{"start":{"line":326,"column":8},"end":{"line":326,"column":36}},"149":{"start":{"line":328,"column":8},"end":{"line":328,"column":21}},"150":{"start":{"line":332,"column":6},"end":{"line":338,"column":7}},"151":{"start":{"line":333,"column":23},"end":{"line":333,"column":48}},"152":{"start":{"line":334,"column":23},"end":{"line":334,"column":58}},"153":{"start":{"line":335,"column":8},"end":{"line":335,"column":49}},"154":{"start":{"line":337,"column":8},"end":{"line":337,"column":21}},"155":{"start":{"line":341,"column":6},"end":{"line":346,"column":7}},"156":{"start":{"line":342,"column":23},"end":{"line":342,"column":45}},"157":{"start":{"line":343,"column":8},"end":{"line":343,"column":41}},"158":{"start":{"line":345,"column":8},"end":{"line":345,"column":21}}},"fnMap":{"0":{"name":"(anonymous_0)","decl":{"start":{"line":14,"column":16},"end":{"line":14,"column":17}},"loc":{"start":{"line":14,"column":45},"end":{"line":21,"column":5}},"line":14},"1":{"name":"(anonymous_1)","decl":{"start":{"line":22,"column":18},"end":{"line":22,"column":19}},"loc":{"start":{"line":22,"column":41},"end":{"line":28,"column":5}},"line":22},"2":{"name":"(anonymous_2)","decl":{"start":{"line":29,"column":19},"end":{"line":29,"column":20}},"loc":{"start":{"line":29,"column":48},"end":{"line":36,"column":5}},"line":29},"3":{"name":"(anonymous_3)","decl":{"start":{"line":37,"column":20},"end":{"line":37,"column":21}},"loc":{"start":{"line":37,"column":49},"end":{"line":44,"column":5}},"line":37},"4":{"name":"(anonymous_4)","decl":{"start":{"line":45,"column":18},"end":{"line":45,"column":19}},"loc":{"start":{"line":45,"column":47},"end":{"line":52,"column":5}},"line":45},"5":{"name":"(anonymous_5)","decl":{"start":{"line":53,"column":17},"end":{"line":53,"column":18}},"loc":{"start":{"line":53,"column":46},"end":{"line":60,"column":5}},"line":53},"6":{"name":"(anonymous_6)","decl":{"start":{"line":61,"column":15},"end":{"line":61,"column":16}},"loc":{"start":{"line":61,"column":43},"end":{"line":68,"column":5}},"line":61},"7":{"name":"(anonymous_7)","decl":{"start":{"line":69,"column":14},"end":{"line":69,"column":15}},"loc":{"start":{"line":69,"column":42},"end":{"line":76,"column":5}},"line":69},"8":{"name":"(anonymous_8)","decl":{"start":{"line":80,"column":13},"end":{"line":80,"column":14}},"loc":{"start":{"line":80,"column":67},"end":{"line":86,"column":5}},"line":80},"9":{"name":"(anonymous_9)","decl":{"start":{"line":87,"column":16},"end":{"line":87,"column":17}},"loc":{"start":{"line":87,"column":44},"end":{"line":106,"column":5}},"line":87},"10":{"name":"(anonymous_10)","decl":{"start":{"line":107,"column":19},"end":{"line":107,"column":20}},"loc":{"start":{"line":107,"column":58},"end":{"line":115,"column":5}},"line":107},"11":{"name":"(anonymous_11)","decl":{"start":{"line":116,"column":19},"end":{"line":116,"column":20}},"loc":{"start":{"line":116,"column":52},"end":{"line":123,"column":5}},"line":116},"12":{"name":"(anonymous_12)","decl":{"start":{"line":125,"column":19},"end":{"line":125,"column":20}},"loc":{"start":{"line":125,"column":47},"end":{"line":144,"column":5}},"line":125},"13":{"name":"(anonymous_13)","decl":{"start":{"line":145,"column":22},"end":{"line":145,"column":23}},"loc":{"start":{"line":145,"column":64},"end":{"line":153,"column":5}},"line":145},"14":{"name":"(anonymous_14)","decl":{"start":{"line":154,"column":22},"end":{"line":154,"column":23}},"loc":{"start":{"line":154,"column":58},"end":{"line":161,"column":5}},"line":154},"15":{"name":"(anonymous_15)","decl":{"start":{"line":162,"column":25},"end":{"line":162,"column":26}},"loc":{"start":{"line":162,"column":57},"end":{"line":169,"column":5}},"line":162},"16":{"name":"(anonymous_16)","decl":{"start":{"line":171,"column":20},"end":{"line":171,"column":21}},"loc":{"start":{"line":171,"column":48},"end":{"line":191,"column":5}},"line":171},"17":{"name":"(anonymous_17)","decl":{"start":{"line":192,"column":23},"end":{"line":192,"column":24}},"loc":{"start":{"line":192,"column":66},"end":{"line":200,"column":5}},"line":192},"18":{"name":"(anonymous_18)","decl":{"start":{"line":201,"column":23},"end":{"line":201,"column":24}},"loc":{"start":{"line":201,"column":60},"end":{"line":208,"column":5}},"line":201},"19":{"name":"(anonymous_19)","decl":{"start":{"line":210,"column":18},"end":{"line":210,"column":19}},"loc":{"start":{"line":210,"column":46},"end":{"line":230,"column":5}},"line":210},"20":{"name":"(anonymous_20)","decl":{"start":{"line":231,"column":21},"end":{"line":231,"column":22}},"loc":{"start":{"line":231,"column":62},"end":{"line":239,"column":5}},"line":231},"21":{"name":"(anonymous_21)","decl":{"start":{"line":240,"column":21},"end":{"line":240,"column":22}},"loc":{"start":{"line":240,"column":56},"end":{"line":247,"column":5}},"line":240},"22":{"name":"(anonymous_22)","decl":{"start":{"line":249,"column":17},"end":{"line":249,"column":18}},"loc":{"start":{"line":249,"column":45},"end":{"line":269,"column":5}},"line":249},"23":{"name":"(anonymous_23)","decl":{"start":{"line":270,"column":20},"end":{"line":270,"column":21}},"loc":{"start":{"line":270,"column":60},"end":{"line":278,"column":5}},"line":270},"24":{"name":"(anonymous_24)","decl":{"start":{"line":279,"column":20},"end":{"line":279,"column":21}},"loc":{"start":{"line":279,"column":54},"end":{"line":286,"column":5}},"line":279},"25":{"name":"(anonymous_25)","decl":{"start":{"line":288,"column":15},"end":{"line":288,"column":16}},"loc":{"start":{"line":288,"column":54},"end":{"line":288,"column":83}},"line":288},"26":{"name":"(anonymous_26)","decl":{"start":{"line":289,"column":18},"end":{"line":289,"column":19}},"loc":{"start":{"line":289,"column":56},"end":{"line":297,"column":5}},"line":289},"27":{"name":"(anonymous_27)","decl":{"start":{"line":298,"column":18},"end":{"line":298,"column":19}},"loc":{"start":{"line":298,"column":50},"end":{"line":305,"column":5}},"line":298},"28":{"name":"(anonymous_28)","decl":{"start":{"line":306,"column":23},"end":{"line":306,"column":24}},"loc":{"start":{"line":306,"column":55},"end":{"line":314,"column":5}},"line":306},"29":{"name":"(anonymous_29)","decl":{"start":{"line":316,"column":21},"end":{"line":316,"column":22}},"loc":{"start":{"line":316,"column":49},"end":{"line":322,"column":5}},"line":316},"30":{"name":"(anonymous_30)","decl":{"start":{"line":324,"column":14},"end":{"line":324,"column":15}},"loc":{"start":{"line":324,"column":42},"end":{"line":330,"column":5}},"line":324},"31":{"name":"(anonymous_31)","decl":{"start":{"line":331,"column":17},"end":{"line":331,"column":18}},"loc":{"start":{"line":331,"column":45},"end":{"line":339,"column":5}},"line":331},"32":{"name":"(anonymous_32)","decl":{"start":{"line":340,"column":17},"end":{"line":340,"column":18}},"loc":{"start":{"line":340,"column":50},"end":{"line":347,"column":5}},"line":340}},"branchMap":{"0":{"loc":{"start":{"line":90,"column":8},"end":{"line":101,"column":9}},"type":"if","locations":[{"start":{"line":90,"column":8},"end":{"line":101,"column":9}},{"start":{"line":90,"column":8},"end":{"line":101,"column":9}}],"line":90},"1":{"loc":{"start":{"line":128,"column":8},"end":{"line":139,"column":9}},"type":"if","locations":[{"start":{"line":128,"column":8},"end":{"line":139,"column":9}},{"start":{"line":128,"column":8},"end":{"line":139,"column":9}}],"line":128},"2":{"loc":{"start":{"line":175,"column":8},"end":{"line":186,"column":9}},"type":"if","locations":[{"start":{"line":175,"column":8},"end":{"line":186,"column":9}},{"start":{"line":175,"column":8},"end":{"line":186,"column":9}}],"line":175},"3":{"loc":{"start":{"line":214,"column":8},"end":{"line":225,"column":9}},"type":"if","locations":[{"start":{"line":214,"column":8},"end":{"line":225,"column":9}},{"start":{"line":214,"column":8},"end":{"line":225,"column":9}}],"line":214},"4":{"loc":{"start":{"line":252,"column":8},"end":{"line":263,"column":9}},"type":"if","locations":[{"start":{"line":252,"column":8},"end":{"line":263,"column":9}},{"start":{"line":252,"column":8},"end":{"line":263,"column":9}}],"line":252}},"s":{"0":1,"1":1,"2":1,"3":1,"4":0,"5":1,"6":1,"7":0,"8":1,"9":1,"10":1,"11":0,"12":1,"13":1,"14":1,"15":0,"16":1,"17":1,"18":1,"19":0,"20":1,"21":1,"22":1,"23":0,"24":1,"25":1,"26":1,"27":0,"28":0,"29":0,"30":0,"31":0,"32":1,"33":1,"34":0,"35":1,"36":1,"37":0,"38":0,"39":0,"40":0,"41":1,"42":1,"43":0,"44":1,"45":1,"46":1,"47":1,"48":0,"49":1,"50":1,"51":1,"52":0,"53":1,"54":1,"55":0,"56":0,"57":0,"58":0,"59":1,"60":1,"61":0,"62":1,"63":1,"64":1,"65":1,"66":0,"67":1,"68":1,"69":1,"70":0,"71":1,"72":1,"73":1,"74":0,"75":1,"76":1,"77":0,"78":0,"79":0,"80":0,"81":1,"82":1,"83":0,"84":1,"85":1,"86":1,"87":1,"88":0,"89":1,"90":1,"91":1,"92":0,"93":1,"94":1,"95":0,"96":0,"97":0,"98":0,"99":1,"100":1,"101":0,"102":1,"103":1,"104":1,"105":1,"106":0,"107":1,"108":1,"109":1,"110":0,"111":1,"112":1,"113":0,"114":0,"115":0,"116":0,"117":1,"118":1,"119":0,"120":1,"121":1,"122":1,"123":1,"124":0,"125":1,"126":1,"127":1,"128":0,"129":1,"130":0,"131":0,"132":0,"133":0,"134":0,"135":1,"136":1,"137":1,"138":0,"139":1,"140":1,"141":1,"142":1,"143":0,"144":0,"145":0,"146":0,"147":0,"148":0,"149":0,"150":0,"151":0,"152":0,"153":0,"154":0,"155":0,"156":0,"157":0,"158":0},"f":{"0":1,"1":1,"2":1,"3":1,"4":1,"5":1,"6":1,"7":0,"8":1,"9":1,"10":1,"11":1,"12":1,"13":1,"14":1,"15":1,"16":1,"17":1,"18":1,"19":1,"20":1,"21":1,"22":1,"23":1,"24":1,"25":1,"26":0,"27":1,"28":1,"29":0,"30":0,"31":0,"32":0},"b":{"0":[0,1],"1":[0,1],"2":[0,1],"3":[0,1],"4":[0,1]},"_coverageSchema":"43e27e138ebf9cfc5966b082cf9a028302ed4184","hash":"edadf441db5b7588667d810547b6d370f4237884"}
,"C:\\Users\\soporte\\Desktop\\CN-33-backend\\UberEats\\src\\graphql\\schemas.js": {"path":"C:\\Users\\soporte\\Desktop\\CN-33-backend\\UberEats\\src\\graphql\\schemas.js","statementMap":{"0":{"start":{"line":3,"column":17},"end":{"line":201,"column":1}}},"fnMap":{},"branchMap":{},"s":{"0":1},"f":{},"b":{},"_coverageSchema":"43e27e138ebf9cfc5966b082cf9a028302ed4184","hash":"b28649a6ed7fb5db74163b704f82289da7e1ac1f"}
,"C:\\Users\\soporte\\Desktop\\CN-33-backend\\UberEats\\src\\utils\\uploader.js": {"path":"C:\\Users\\soporte\\Desktop\\CN-33-backend\\UberEats\\src\\utils\\uploader.js","statementMap":{"0":{"start":{"line":4,"column":2},"end":{"line":8,"column":5}},"1":{"start":{"line":10,"column":2},"end":{"line":16,"column":5}},"2":{"start":{"line":11,"column":19},"end":{"line":14,"column":6}},"3":{"start":{"line":12,"column":6},"end":{"line":12,"column":27}},"4":{"start":{"line":12,"column":15},"end":{"line":12,"column":27}},"5":{"start":{"line":13,"column":6},"end":{"line":13,"column":22}},"6":{"start":{"line":15,"column":4},"end":{"line":15,"column":24}}},"fnMap":{"0":{"name":"storeUpload","decl":{"start":{"line":3,"column":16},"end":{"line":3,"column":27}},"loc":{"start":{"line":3,"column":36},"end":{"line":17,"column":1}},"line":3},"1":{"name":"(anonymous_1)","decl":{"start":{"line":10,"column":21},"end":{"line":10,"column":22}},"loc":{"start":{"line":10,"column":42},"end":{"line":16,"column":3}},"line":10},"2":{"name":"(anonymous_2)","decl":{"start":{"line":11,"column":56},"end":{"line":11,"column":57}},"loc":{"start":{"line":11,"column":73},"end":{"line":14,"column":5}},"line":11}},"branchMap":{"0":{"loc":{"start":{"line":12,"column":6},"end":{"line":12,"column":27}},"type":"if","locations":[{"start":{"line":12,"column":6},"end":{"line":12,"column":27}},{"start":{"line":12,"column":6},"end":{"line":12,"column":27}}],"line":12}},"s":{"0":0,"1":0,"2":0,"3":0,"4":0,"5":0,"6":0},"f":{"0":0,"1":0,"2":0},"b":{"0":[0,0]},"_coverageSchema":"43e27e138ebf9cfc5966b082cf9a028302ed4184","hash":"170e7befa2d3e611bbe87ada20ace4db8dd0ca73"}
}
