TN:
SF:C:\Users\soporte\Desktop\CN-33-backend\UberEats\src\index.js
FN:26,(anonymous_0)
FN:38,(anonymous_1)
FN:43,(anonymous_2)
FNF:3
FNH:3
FNDA:1,(anonymous_0)
FNDA:27,(anonymous_1)
FNDA:1,(anonymous_2)
DA:1,1
DA:8,1
DA:12,1
DA:14,1
DA:23,1
DA:25,1
DA:26,1
DA:32,1
DA:38,27
DA:43,1
DA:44,1
LF:11
LH:11
BRDA:12,0,0,1
BRDA:12,0,1,0
BRF:2
BRH:1
end_of_record
TN:
SF:C:\Users\soporte\Desktop\CN-33-backend\UberEats\src\actions\authActions.js
FN:9,(anonymous_0)
FN:11,(anonymous_1)
FN:22,(anonymous_2)
FN:26,(anonymous_3)
FNF:4
FNH:4
FNDA:32,(anonymous_0)
FNDA:26,(anonymous_1)
FNDA:27,(anonymous_2)
FNDA:26,(anonymous_3)
DA:1,1
DA:6,1
DA:10,32
DA:11,32
DA:12,26
DA:13,26
DA:14,26
DA:16,0
DA:22,1
DA:23,27
DA:24,27
DA:25,27
DA:26,26
DA:27,26
DA:28,26
DA:29,26
DA:30,26
DA:32,0
DA:36,0
LF:19
LH:16
BRDA:10,0,0,0
BRDA:13,1,0,26
BRDA:13,1,1,0
BRDA:25,2,0,1
BRDA:25,2,1,26
BRDA:27,3,0,0
BRDA:27,3,1,26
BRF:7
BRH:4
end_of_record
TN:
SF:C:\Users\soporte\Desktop\CN-33-backend\UberEats\src\actions\buzonActions.js
FN:3,(anonymous_0)
FN:15,(anonymous_1)
FN:23,(anonymous_2)
FN:31,(anonymous_3)
FNF:4
FNH:0
FNDA:0,(anonymous_0)
FNDA:0,(anonymous_1)
FNDA:0,(anonymous_2)
FNDA:0,(anonymous_3)
DA:3,1
DA:4,0
DA:5,0
DA:11,0
DA:15,1
DA:16,0
DA:17,0
DA:19,0
DA:23,1
DA:24,0
DA:25,0
DA:27,0
DA:31,1
DA:32,0
DA:33,0
DA:35,0
LF:16
LH:4
BRF:0
BRH:0
end_of_record
TN:
SF:C:\Users\soporte\Desktop\CN-33-backend\UberEats\src\actions\calificacionAction.js
FN:4,(anonymous_0)
FNF:1
FNH:0
FNDA:0,(anonymous_0)
DA:4,1
DA:5,0
DA:6,0
DA:9,0
DA:10,0
DA:12,0
LF:6
LH:1
BRF:0
BRH:0
end_of_record
TN:
SF:C:\Users\soporte\Desktop\CN-33-backend\UberEats\src\actions\categoriaAction.js
FN:3,(anonymous_0)
FN:11,(anonymous_1)
FN:20,(anonymous_2)
FN:28,(anonymous_3)
FNF:4
FNH:4
FNDA:1,(anonymous_0)
FNDA:1,(anonymous_1)
FNDA:2,(anonymous_2)
FNDA:1,(anonymous_3)
DA:3,1
DA:4,1
DA:5,1
DA:7,0
DA:11,1
DA:12,1
DA:13,1
DA:15,0
DA:20,1
DA:21,2
DA:22,2
DA:24,0
DA:28,1
DA:29,1
DA:30,1
DA:32,0
LF:16
LH:12
BRF:0
BRH:0
end_of_record
TN:
SF:C:\Users\soporte\Desktop\CN-33-backend\UberEats\src\actions\pedidoAction.js
FN:5,(anonymous_0)
FN:16,(anonymous_1)
FN:30,(anonymous_2)
FN:38,(anonymous_3)
FNF:4
FNH:4
FNDA:1,(anonymous_0)
FNDA:2,(anonymous_1)
FNDA:2,(anonymous_2)
FNDA:1,(anonymous_3)
DA:5,1
DA:6,1
DA:7,1
DA:8,1
DA:9,1
DA:10,1
DA:12,0
DA:16,1
DA:17,2
DA:18,2
DA:24,2
DA:26,0
DA:30,1
DA:31,2
DA:32,2
DA:34,0
DA:38,1
DA:39,1
DA:40,1
DA:42,0
LF:20
LH:16
BRF:0
BRH:0
end_of_record
TN:
SF:C:\Users\soporte\Desktop\CN-33-backend\UberEats\src\actions\platilloAction.js
FN:6,(anonymous_0)
FN:18,(anonymous_1)
FN:26,(anonymous_2)
FN:34,(anonymous_3)
FNF:4
FNH:4
FNDA:1,(anonymous_0)
FNDA:1,(anonymous_1)
FNDA:1,(anonymous_2)
FNDA:1,(anonymous_3)
DA:6,1
DA:7,1
DA:8,1
DA:9,1
DA:10,1
DA:11,1
DA:12,1
DA:14,0
DA:18,1
DA:19,1
DA:20,1
DA:22,0
DA:26,1
DA:27,1
DA:28,1
DA:30,0
DA:34,1
DA:35,1
DA:36,1
DA:38,0
LF:20
LH:16
BRF:0
BRH:0
end_of_record
TN:
SF:C:\Users\soporte\Desktop\CN-33-backend\UberEats\src\actions\repartidorAction.js
FN:4,(anonymous_0)
FN:12,(anonymous_1)
FN:21,(anonymous_2)
FN:29,(anonymous_3)
FN:37,(anonymous_4)
FN:39,(anonymous_5)
FN:41,(anonymous_6)
FN:51,(anonymous_7)
FN:65,(anonymous_8)
FNF:9
FNH:7
FNDA:1,(anonymous_0)
FNDA:2,(anonymous_1)
FNDA:2,(anonymous_2)
FNDA:1,(anonymous_3)
FNDA:2,(anonymous_4)
FNDA:50,(anonymous_5)
FNDA:0,(anonymous_6)
FNDA:1,(anonymous_7)
FNDA:0,(anonymous_8)
DA:4,1
DA:5,1
DA:6,1
DA:8,0
DA:12,1
DA:13,2
DA:14,2
DA:15,2
DA:17,0
DA:21,1
DA:22,2
DA:23,2
DA:25,0
DA:29,1
DA:30,1
DA:31,1
DA:33,0
DA:37,1
DA:38,2
DA:39,2
DA:40,50
DA:41,50
DA:42,0
DA:44,50
DA:45,50
DA:46,50
DA:48,2
DA:51,1
DA:52,1
DA:54,1
DA:57,1
DA:58,1
DA:59,1
DA:61,1
DA:64,1
DA:65,1
DA:66,0
DA:68,1
DA:69,1
DA:71,1
DA:72,1
DA:73,1
DA:75,0
LF:43
LH:36
BRDA:44,0,0,50
BRDA:44,0,1,0
BRDA:68,1,0,1
BRDA:68,1,1,0
BRF:4
BRH:2
end_of_record
TN:
SF:C:\Users\soporte\Desktop\CN-33-backend\UberEats\src\actions\restauranteAction.js
FN:3,(anonymous_0)
FN:11,(anonymous_1)
FN:19,(anonymous_2)
FN:27,(anonymous_3)
FNF:4
FNH:4
FNDA:1,(anonymous_0)
FNDA:1,(anonymous_1)
FNDA:2,(anonymous_2)
FNDA:1,(anonymous_3)
DA:3,1
DA:4,1
DA:5,1
DA:7,0
DA:11,1
DA:12,1
DA:13,1
DA:15,0
DA:19,1
DA:20,2
DA:21,2
DA:23,0
DA:27,1
DA:28,1
DA:29,1
DA:31,0
LF:16
LH:12
BRF:0
BRH:0
end_of_record
TN:
SF:C:\Users\soporte\Desktop\CN-33-backend\UberEats\src\actions\usuarioAction.js
FN:6,(anonymous_0)
FN:12,(anonymous_1)
FN:26,(anonymous_2)
FN:36,(anonymous_3)
FN:44,(anonymous_4)
FN:54,(anonymous_5)
FN:62,(anonymous_6)
FN:70,(anonymous_7)
FNF:8
FNH:8
FNDA:1,(anonymous_0)
FNDA:1,(anonymous_1)
FNDA:1,(anonymous_2)
FNDA:1,(anonymous_3)
FNDA:1,(anonymous_4)
FNDA:2,(anonymous_5)
FNDA:1,(anonymous_6)
FNDA:26,(anonymous_7)
DA:6,1
DA:7,1
DA:8,1
DA:9,1
DA:12,1
DA:13,1
DA:14,1
DA:21,1
DA:22,1
DA:26,1
DA:27,1
DA:28,1
DA:29,1
DA:30,1
DA:32,0
DA:36,1
DA:37,1
DA:38,1
DA:40,0
DA:44,1
DA:45,1
DA:46,1
DA:47,1
DA:48,0
DA:50,0
DA:54,1
DA:55,2
DA:56,2
DA:58,0
DA:62,1
DA:63,1
DA:64,1
DA:66,0
DA:70,1
DA:71,26
DA:72,26
DA:74,0
LF:37
LH:30
BRDA:47,0,0,1
BRDA:47,0,1,0
BRDA:47,1,0,1
BRDA:47,1,1,1
BRF:4
BRH:3
end_of_record
TN:
SF:C:\Users\soporte\Desktop\CN-33-backend\UberEats\src\database\models\index.js
FNF:0
FNH:0
DA:1,1
DA:4,1
DA:5,1
DA:6,1
DA:7,1
DA:8,1
DA:9,1
DA:10,1
DA:11,1
DA:14,1
DA:15,1
DA:16,1
DA:17,1
DA:18,1
DA:19,1
DA:20,1
DA:21,1
DA:23,1
LF:18
LH:18
BRF:0
BRH:0
end_of_record
TN:
SF:C:\Users\soporte\Desktop\CN-33-backend\UberEats\src\database\schemas\buzonSchema.js
FN:29,(anonymous_0)
FNF:1
FNH:1
FNDA:6,(anonymous_0)
DA:1,1
DA:3,1
DA:5,1
DA:29,1
DA:30,6
DA:33,1
LF:6
LH:6
BRF:0
BRH:0
end_of_record
TN:
SF:C:\Users\soporte\Desktop\CN-33-backend\UberEats\src\database\schemas\calificacionSchema.js
FN:26,(anonymous_0)
FNF:1
FNH:0
FNDA:0,(anonymous_0)
DA:1,1
DA:3,1
DA:5,1
DA:26,1
DA:27,0
DA:30,1
LF:6
LH:5
BRF:0
BRH:0
end_of_record
TN:
SF:C:\Users\soporte\Desktop\CN-33-backend\UberEats\src\database\schemas\categoriaSchema.js
FN:19,(anonymous_0)
FNF:1
FNH:0
FNDA:0,(anonymous_0)
DA:1,1
DA:3,1
DA:5,1
DA:19,1
DA:20,0
DA:23,1
LF:6
LH:5
BRF:0
BRH:0
end_of_record
TN:
SF:C:\Users\soporte\Desktop\CN-33-backend\UberEats\src\database\schemas\pedidoSchema.js
FN:44,(anonymous_0)
FNF:1
FNH:0
FNDA:0,(anonymous_0)
DA:1,1
DA:3,1
DA:6,1
DA:44,1
DA:45,0
DA:48,1
LF:6
LH:5
BRF:0
BRH:0
end_of_record
TN:
SF:C:\Users\soporte\Desktop\CN-33-backend\UberEats\src\database\schemas\platilloSchema.js
FN:33,(anonymous_0)
FNF:1
FNH:0
FNDA:0,(anonymous_0)
DA:1,1
DA:3,1
DA:5,1
DA:33,1
DA:34,0
DA:37,1
LF:6
LH:5
BRF:0
BRH:0
end_of_record
TN:
SF:C:\Users\soporte\Desktop\CN-33-backend\UberEats\src\database\schemas\repartidorSchema.js
FN:35,(anonymous_0)
FNF:1
FNH:0
FNDA:0,(anonymous_0)
DA:1,1
DA:3,1
DA:5,1
DA:35,1
DA:36,0
DA:39,1
LF:6
LH:5
BRF:0
BRH:0
end_of_record
TN:
SF:C:\Users\soporte\Desktop\CN-33-backend\UberEats\src\database\schemas\restauranteSchema.js
FN:27,(anonymous_0)
FNF:1
FNH:0
FNDA:0,(anonymous_0)
DA:1,1
DA:3,1
DA:5,1
DA:27,1
DA:28,0
DA:31,1
LF:6
LH:5
BRF:0
BRH:0
end_of_record
TN:
SF:C:\Users\soporte\Desktop\CN-33-backend\UberEats\src\database\schemas\usuarioSchema.js
FN:33,(anonymous_0)
FN:37,(anonymous_1)
FN:39,(anonymous_2)
FN:40,(anonymous_3)
FNF:4
FNH:3
FNDA:0,(anonymous_0)
FNDA:1,(anonymous_1)
FNDA:1,(anonymous_2)
FNDA:1,(anonymous_3)
DA:1,1
DA:2,1
DA:4,1
DA:6,1
DA:33,1
DA:34,0
DA:37,1
DA:38,1
DA:39,1
DA:40,1
DA:41,1
DA:42,1
DA:43,1
DA:48,1
LF:14
LH:13
BRDA:41,0,0,0
BRDA:41,0,1,1
BRF:2
BRH:1
end_of_record
TN:
SF:C:\Users\soporte\Desktop\CN-33-backend\UberEats\src\graphql\resolvers.js
FN:14,(anonymous_0)
FN:22,(anonymous_1)
FN:29,(anonymous_2)
FN:37,(anonymous_3)
FN:45,(anonymous_4)
FN:53,(anonymous_5)
FN:61,(anonymous_6)
FN:69,(anonymous_7)
FN:80,(anonymous_8)
FN:87,(anonymous_9)
FN:107,(anonymous_10)
FN:116,(anonymous_11)
FN:125,(anonymous_12)
FN:145,(anonymous_13)
FN:154,(anonymous_14)
FN:162,(anonymous_15)
FN:171,(anonymous_16)
FN:192,(anonymous_17)
FN:201,(anonymous_18)
FN:210,(anonymous_19)
FN:231,(anonymous_20)
FN:240,(anonymous_21)
FN:249,(anonymous_22)
FN:270,(anonymous_23)
FN:279,(anonymous_24)
FN:288,(anonymous_25)
FN:289,(anonymous_26)
FN:298,(anonymous_27)
FN:306,(anonymous_28)
FN:316,(anonymous_29)
FN:324,(anonymous_30)
FN:331,(anonymous_31)
FN:340,(anonymous_32)
FNF:33
FNH:27
FNDA:1,(anonymous_0)
FNDA:1,(anonymous_1)
FNDA:1,(anonymous_2)
FNDA:1,(anonymous_3)
FNDA:1,(anonymous_4)
FNDA:1,(anonymous_5)
FNDA:1,(anonymous_6)
FNDA:0,(anonymous_7)
FNDA:1,(anonymous_8)
FNDA:1,(anonymous_9)
FNDA:1,(anonymous_10)
FNDA:1,(anonymous_11)
FNDA:1,(anonymous_12)
FNDA:1,(anonymous_13)
FNDA:1,(anonymous_14)
FNDA:1,(anonymous_15)
FNDA:1,(anonymous_16)
FNDA:1,(anonymous_17)
FNDA:1,(anonymous_18)
FNDA:1,(anonymous_19)
FNDA:1,(anonymous_20)
FNDA:1,(anonymous_21)
FNDA:1,(anonymous_22)
FNDA:1,(anonymous_23)
FNDA:1,(anonymous_24)
FNDA:1,(anonymous_25)
FNDA:0,(anonymous_26)
FNDA:1,(anonymous_27)
FNDA:1,(anonymous_28)
FNDA:0,(anonymous_29)
FNDA:0,(anonymous_30)
FNDA:0,(anonymous_31)
FNDA:0,(anonymous_32)
DA:12,1
DA:15,1
DA:16,1
DA:17,1
DA:19,0
DA:23,1
DA:24,1
DA:26,0
DA:30,1
DA:31,1
DA:32,1
DA:34,0
DA:38,1
DA:39,1
DA:40,1
DA:42,0
DA:46,1
DA:47,1
DA:48,1
DA:50,0
DA:54,1
DA:55,1
DA:56,1
DA:58,0
DA:62,1
DA:63,1
DA:64,1
DA:66,0
DA:70,0
DA:71,0
DA:72,0
DA:74,0
DA:81,1
DA:82,1
DA:84,0
DA:88,1
DA:90,1
DA:92,0
DA:93,0
DA:94,0
DA:95,0
DA:100,1
DA:102,1
DA:104,0
DA:108,1
DA:109,1
DA:110,1
DA:111,1
DA:113,0
DA:117,1
DA:118,1
DA:119,1
DA:121,0
DA:126,1
DA:128,1
DA:130,0
DA:131,0
DA:132,0
DA:133,0
DA:138,1
DA:140,1
DA:142,0
DA:146,1
DA:147,1
DA:148,1
DA:149,1
DA:151,0
DA:155,1
DA:156,1
DA:157,1
DA:159,0
DA:163,1
DA:164,1
DA:165,1
DA:167,0
DA:172,1
DA:175,1
DA:177,0
DA:178,0
DA:179,0
DA:180,0
DA:185,1
DA:187,1
DA:189,0
DA:193,1
DA:194,1
DA:195,1
DA:196,1
DA:198,0
DA:202,1
DA:203,1
DA:204,1
DA:206,0
DA:211,1
DA:214,1
DA:216,0
DA:217,0
DA:218,0
DA:219,0
DA:224,1
DA:226,1
DA:228,0
DA:232,1
DA:233,1
DA:234,1
DA:235,1
DA:237,0
DA:241,1
DA:242,1
DA:243,1
DA:245,0
DA:250,1
DA:252,1
DA:254,0
DA:255,0
DA:256,0
DA:257,0
DA:262,1
DA:265,1
DA:267,0
DA:271,1
DA:272,1
DA:273,1
DA:274,1
DA:276,0
DA:280,1
DA:281,1
DA:282,1
DA:284,0
DA:288,1
DA:290,0
DA:291,0
DA:292,0
DA:293,0
DA:295,0
DA:299,1
DA:300,1
DA:301,1
DA:303,0
DA:307,1
DA:308,1
DA:309,1
DA:310,1
DA:312,0
DA:317,0
DA:318,0
DA:320,0
DA:325,0
DA:326,0
DA:328,0
DA:332,0
DA:333,0
DA:334,0
DA:335,0
DA:337,0
DA:341,0
DA:342,0
DA:343,0
DA:345,0
LF:159
LH:89
BRDA:90,0,0,0
BRDA:90,0,1,1
BRDA:128,1,0,0
BRDA:128,1,1,1
BRDA:175,2,0,0
BRDA:175,2,1,1
BRDA:214,3,0,0
BRDA:214,3,1,1
BRDA:252,4,0,0
BRDA:252,4,1,1
BRF:10
BRH:5
end_of_record
TN:
SF:C:\Users\soporte\Desktop\CN-33-backend\UberEats\src\graphql\schemas.js
FNF:0
FNH:0
DA:3,1
LF:1
LH:1
BRF:0
BRH:0
end_of_record
TN:
SF:C:\Users\soporte\Desktop\CN-33-backend\UberEats\src\utils\uploader.js
FN:3,storeUpload
FN:10,(anonymous_1)
FN:11,(anonymous_2)
FNF:3
FNH:0
FNDA:0,storeUpload
FNDA:0,(anonymous_1)
FNDA:0,(anonymous_2)
DA:4,0
DA:10,0
DA:11,0
DA:12,0
DA:13,0
DA:15,0
LF:6
LH:0
BRDA:12,0,0,0
BRDA:12,0,1,0
BRF:2
BRH:0
end_of_record
